# JRE version: Java(TM) SE Runtime Environment (8.0_112-b15) (build 1.8.0_112-b15)
# Java VM: Java HotSpot(TM) 64-Bit Server VM (25.112-b15 mixed mode windows-amd64 compressed oops)
Heap:
 PSYoungGen      total 268288K, used 159656K [0x00000000d8400000, 0x00000000f5400000, 0x0000000100000000)
  eden space 233984K, 68% used [0x00000000d8400000,0x00000000e1fea3d0,0x00000000e6880000)
  from space 34304K, 0% used [0x00000000e6880000,0x00000000e6880000,0x00000000e8a00000)
  to   space 50176K, 0% used [0x00000000f2300000,0x00000000f2300000,0x00000000f5400000)
 ParOldGen       total 81920K, used 81760K [0x0000000088c00000, 0x000000008dc00000, 0x00000000d8400000)
  object space 81920K, 99% used [0x0000000088c00000,0x000000008dbd83b0,0x000000008dc00000)
 Metaspace       used 6712K, capacity 7352K, committed 7680K, reserved 1056768K
  class space    used 646K, capacity 688K, committed 768K, reserved 1048576K
GC Heap History (10 events):
Event: 6.963 GC heap before
{Heap before GC invocations=10 (full 1):
 PSYoungGen      total 268288K, used 34273K [0x00000000d8400000, 0x00000000f5400000, 0x0000000100000000)
  eden space 233984K, 0% used [0x00000000d8400000,0x00000000d8400000,0x00000000e6880000)
  from space 34304K, 99% used [0x00000000e6880000,0x00000000e89f84c0,0x00000000e8a00000)
  to   space 50176K, 0% used [0x00000000f2300000,0x00000000f2300000,0x00000000f5400000)
 ParOldGen       total 81920K, used 73291K [0x0000000088c00000, 0x000000008dc00000, 0x00000000d8400000)
  object space 81920K, 89% used [0x0000000088c00000,0x000000008d392fc0,0x000000008dc00000)
 Metaspace       used 6686K, capacity 7288K, committed 7424K, reserved 1056768K
  class space    used 643K, capacity 688K, committed 768K, reserved 1048576K
Event: 7.864 GC heap after
Heap after GC invocations=10 (full 1):
 PSYoungGen      total 268288K, used 20390K [0x00000000d8400000, 0x00000000f5400000, 0x0000000100000000)
  eden space 233984K, 0% used [0x00000000d8400000,0x00000000d8400000,0x00000000e6880000)
  from space 34304K, 59% used [0x00000000e6880000,0x00000000e7c69800,0x00000000e8a00000)
  to   space 50176K, 0% used [0x00000000f2300000,0x00000000f2300000,0x00000000f5400000)
 ParOldGen       total 81920K, used 81910K [0x0000000088c00000, 0x000000008dc00000, 0x00000000d8400000)
  object space 81920K, 99% used [0x0000000088c00000,0x000000008dbfdb78,0x000000008dc00000)
 Metaspace       used 6686K, capacity 7288K, committed 7424K, reserved 1056768K
  class space    used 643K, capacity 688K, committed 768K, reserved 1048576K
}
Event: 13.602 GC heap before
{Heap before GC invocations=11 (full 2):
 PSYoungGen      total 268288K, used 254374K [0x00000000d8400000, 0x00000000f5400000, 0x0000000100000000)
  eden space 233984K, 100% used [0x00000000d8400000,0x00000000e6880000,0x00000000e6880000)
  from space 34304K, 59% used [0x00000000e6880000,0x00000000e7c69800,0x00000000e8a00000)
  to   space 50176K, 0% used [0x00000000f2300000,0x00000000f2300000,0x00000000f5400000)
 ParOldGen       total 81920K, used 81910K [0x0000000088c00000, 0x000000008dc00000, 0x00000000d8400000)
  object space 81920K, 99% used [0x0000000088c00000,0x000000008dbfdb78,0x000000008dc00000)
 Metaspace       used 6692K, capacity 7288K, committed 7424K, reserved 1056768K
  class space    used 644K, capacity 688K, committed 768K, reserved 1048576K
Event: 14.233 GC heap after
Heap after GC invocations=11 (full 2):
 PSYoungGen      total 268288K, used 51892K [0x00000000d8400000, 0x00000000f5400000, 0x0000000100000000)
  eden space 233984K, 22% used [0x00000000d8400000,0x00000000db6ad0a0,0x00000000e6880000)
  from space 34304K, 0% used [0x00000000e6880000,0x00000000e6880000,0x00000000e8a00000)
  to   space 50176K, 0% used [0x00000000f2300000,0x00000000f2300000,0x00000000f5400000)
 ParOldGen       total 81920K, used 81860K [0x0000000088c00000, 0x000000008dc00000, 0x00000000d8400000)
  object space 81920K, 99% used [0x0000000088c00000,0x000000008dbf1100,0x000000008dc00000)
 Metaspace       used 6692K, capacity 7288K, committed 7424K, reserved 1056768K
  class space    used 644K, capacity 688K, committed 768K, reserved 1048576K
}
Event: 15.271 GC heap before
{Heap before GC invocations=12 (full 3):
 PSYoungGen      total 268288K, used 233984K [0x00000000d8400000, 0x00000000f5400000, 0x0000000100000000)
  eden space 233984K, 100% used [0x00000000d8400000,0x00000000e6880000,0x00000000e6880000)
  from space 34304K, 0% used [0x00000000e6880000,0x00000000e6880000,0x00000000e8a00000)
  to   space 50176K, 0% used [0x00000000f2300000,0x00000000f2300000,0x00000000f5400000)
 ParOldGen       total 81920K, used 81860K [0x0000000088c00000, 0x000000008dc00000, 0x00000000d8400000)
  object space 81920K, 99% used [0x0000000088c00000,0x000000008dbf1100,0x000000008dc00000)
 Metaspace       used 6703K, capacity 7288K, committed 7424K, reserved 1056768K
  class space    used 645K, capacity 688K, committed 768K, reserved 1048576K
Event: 16.273 GC heap after
Heap after GC invocations=12 (full 3):
 PSYoungGen      total 268288K, used 77549K [0x00000000d8400000, 0x00000000f5400000, 0x0000000100000000)
  eden space 233984K, 33% used [0x00000000d8400000,0x00000000dcfbb4f0,0x00000000e6880000)
  from space 34304K, 0% used [0x00000000e6880000,0x00000000e6880000,0x00000000e8a00000)
  to   space 50176K, 0% used [0x00000000f2300000,0x00000000f2300000,0x00000000f5400000)
 ParOldGen       total 81920K, used 81762K [0x0000000088c00000, 0x000000008dc00000, 0x00000000d8400000)
  object space 81920K, 99% used [0x0000000088c00000,0x000000008dbd8800,0x000000008dc00000)
 Metaspace       used 6703K, capacity 7288K, committed 7424K, reserved 1056768K
  class space    used 645K, capacity 688K, committed 768K, reserved 1048576K
}
Event: 17.107 GC heap before
{Heap before GC invocations=13 (full 4):
 PSYoungGen      total 268288K, used 233984K [0x00000000d8400000, 0x00000000f5400000, 0x0000000100000000)
  eden space 233984K, 100% used [0x00000000d8400000,0x00000000e6880000,0x00000000e6880000)
  from space 34304K, 0% used [0x00000000e6880000,0x00000000e6880000,0x00000000e8a00000)
  to   space 50176K, 0% used [0x00000000f2300000,0x00000000f2300000,0x00000000f5400000)
 ParOldGen       total 81920K, used 81762K [0x0000000088c00000, 0x000000008dc00000, 0x00000000d8400000)
  object space 81920K, 99% used [0x0000000088c00000,0x000000008dbd8800,0x000000008dc00000)
 Metaspace       used 6704K, capacity 7288K, committed 7424K, reserved 1056768K
  class space    used 645K, capacity 688K, committed 768K, reserved 1048576K
Event: 17.802 GC heap after
Heap after GC invocations=13 (full 4):
 PSYoungGen      total 268288K, used 100199K [0x00000000d8400000, 0x00000000f5400000, 0x0000000100000000)
  eden space 233984K, 42% used [0x00000000d8400000,0x00000000de5d9d28,0x00000000e6880000)
  from space 34304K, 0% used [0x00000000e6880000,0x00000000e6880000,0x00000000e8a00000)
  to   space 50176K, 0% used [0x00000000f2300000,0x00000000f2300000,0x00000000f5400000)
 ParOldGen       total 81920K, used 81761K [0x0000000088c00000, 0x000000008dc00000, 0x00000000d8400000)
  object space 81920K, 99% used [0x0000000088c00000,0x000000008dbd8650,0x000000008dc00000)
 Metaspace       used 6704K, capacity 7288K, committed 7424K, reserved 1056768K
  class space    used 645K, capacity 688K, committed 768K, reserved 1048576K
}
Event: 18.282 GC heap before
{Heap before GC invocations=14 (full 5):
 PSYoungGen      total 268288K, used 233984K [0x00000000d8400000, 0x00000000f5400000, 0x0000000100000000)
  eden space 233984K, 100% used [0x00000000d8400000,0x00000000e6880000,0x00000000e6880000)
  from space 34304K, 0% used [0x00000000e6880000,0x00000000e6880000,0x00000000e8a00000)
  to   space 50176K, 0% used [0x00000000f2300000,0x00000000f2300000,0x00000000f5400000)
 ParOldGen       total 81920K, used 81761K [0x0000000088c00000, 0x000000008dc00000, 0x00000000d8400000)
  object space 81920K, 99% used [0x0000000088c00000,0x000000008dbd8650,0x000000008dc00000)
 Metaspace       used 6706K, capacity 7352K, committed 7680K, reserved 1056768K
  class space    used 645K, capacity 688K, committed 768K, reserved 1048576K
Event: 19.140 GC heap after
Heap after GC invocations=14 (full 5):
 PSYoungGen      total 268288K, used 118575K [0x00000000d8400000, 0x00000000f5400000, 0x0000000100000000)
  eden space 233984K, 50% used [0x00000000d8400000,0x00000000df7cbdf0,0x00000000e6880000)
  from space 34304K, 0% used [0x00000000e6880000,0x00000000e6880000,0x00000000e8a00000)
  to   space 50176K, 0% used [0x00000000f2300000,0x00000000f2300000,0x00000000f5400000)
 ParOldGen       total 81920K, used 81760K [0x0000000088c00000, 0x000000008dc00000, 0x00000000d8400000)
  object space 81920K, 99% used [0x0000000088c00000,0x000000008dbd83b0,0x000000008dc00000)
 Metaspace       used 6706K, capacity 7352K, committed 7680K, reserved 1056768K
  class space    used 645K, capacity 688K, committed 768K, reserved 1048576K
}

